<?xml version="1.0" encoding="UTF-8"?>
<testsuite name="journeyplan.TravelModelTest" tests="2" skipped="0" failures="0" errors="0" timestamp="2022-11-22T13:00:42" hostname="dyn3157-190.wlan.ic.ac.uk" time="0.001">
  <properties/>
  <testcase name="printing lines shows their names" classname="journeyplan.TravelModelTest" time="0.0"/>
  <testcase name="printing stations shows their names" classname="journeyplan.TravelModelTest" time="0.0"/>
  <system-out><![CDATA[]]></system-out>
  <system-err><![CDATA[]]></system-err>
</testsuite>
