<?xml version="1.0" encoding="UTF-8"?>
<testsuite name="journeyplan.RoutePlannerTest" tests="4" skipped="0" failures="0" errors="0" timestamp="2022-11-22T13:00:42" hostname="dyn3157-190.wlan.ic.ac.uk" time="0.014">
  <properties/>
  <testcase name="toString shows changes" classname="journeyplan.RoutePlannerTest" time="0.013"/>
  <testcase name="toString omits calling points" classname="journeyplan.RoutePlannerTest" time="0.001"/>
  <testcase name="can calculate total duration" classname="journeyplan.RoutePlannerTest" time="0.0"/>
  <testcase name="can calculate number of changes" classname="journeyplan.RoutePlannerTest" time="0.0"/>
  <system-out><![CDATA[]]></system-out>
  <system-err><![CDATA[]]></system-err>
</testsuite>
