<?xml version="1.0" encoding="UTF-8"?>
<testsuite name="websearch.SearchEngineTest" tests="1" skipped="0" failures="0" errors="0" timestamp="2022-11-29T14:05:52" hostname="dyn3144-30.wlan.ic.ac.uk" time="0.109">
  <properties/>
  <testcase name="can index downloaded pages" classname="websearch.SearchEngineTest" time="0.109"/>
  <system-out><![CDATA[]]></system-out>
  <system-err><![CDATA[]]></system-err>
</testsuite>
